{
  "stats": {
    "suites": 1,
    "tests": 4,
    "passes": 4,
    "pending": 0,
    "failures": 0,
    "start": "2020-09-02T11:08:27.175Z",
    "end": "2020-09-02T11:08:33.182Z",
    "duration": 6007,
    "testsRegistered": 4,
    "passPercent": 100,
    "pendingPercent": 0,
    "other": 0,
    "hasOther": false,
    "skipped": 0,
    "hasSkipped": false
  },
  "results": [
    {
      "uuid": "67ae4787-bb97-439d-af29-2b79e40a74eb",
      "title": "",
      "fullFile": "",
      "file": "",
      "beforeHooks": [],
      "afterHooks": [],
      "tests": [],
      "suites": [
        {
          "uuid": "11fab48e-7188-4f6b-a0d5-3f3be246fb8f",
          "title": "Test suit",
          "fullFile": "/home/qainfotech/Desktop/tempTest/test/test.js",
          "file": "/test/test.js",
          "beforeHooks": [
            {
              "title": "\"before all\" hook in \"Test suit\"",
              "fullTitle": "Test suit \"before all\" hook in \"Test suit\"",
              "timedOut": false,
              "duration": 6,
              "state": null,
              "speed": null,
              "pass": false,
              "fail": false,
              "pending": false,
              "context": null,
              "code": "console.log('before method');\ntry {\n    data = yaml.safeLoad(fs.readFileSync('test/resources/yamlData/data.yml', 'utf8'));\n} catch (e) {\n    console.log(e);\n  }\n  req = chai.request(data.requestURL)\n  // done();",
              "err": {},
              "uuid": "bcb9e2a7-d09d-48a0-a138-9311d4f475bd",
              "parentUUID": "11fab48e-7188-4f6b-a0d5-3f3be246fb8f",
              "isHook": true,
              "skipped": false
            }
          ],
          "afterHooks": [],
          "tests": [
            {
              "title": "Test dor GET request - should return 200",
              "fullTitle": "Test suit Test dor GET request - should return 200",
              "timedOut": false,
              "duration": 1627,
              "state": "passed",
              "speed": "slow",
              "pass": true,
              "fail": false,
              "pending": false,
              "context": null,
              "code": "req.get(data.endpoint.get)        \n.end((err, res) => {\n    expect(res).to.have.status(200);\n    expect(res.body.page).to.equal(2);\ndone();\n      });",
              "err": {},
              "uuid": "e0b8f36b-94b9-4558-9798-9525f31febc7",
              "parentUUID": "11fab48e-7188-4f6b-a0d5-3f3be246fb8f",
              "isHook": false,
              "skipped": false
            },
            {
              "title": "Test for POST req - should return 201",
              "fullTitle": "Test suit Test for POST req - should return 201",
              "timedOut": false,
              "duration": 1660,
              "state": "passed",
              "speed": "slow",
              "pass": true,
              "fail": false,
              "pending": false,
              "context": null,
              "code": "req.post(data.endpoint.post)    \n.set('content-type', 'application/json')\n.send(postBody)    \n.end((err, res) => {\n    expect(res).to.have.status(201);\n    console.log(res.body);\n    expect(res).to.be.an('object');\n    expect(res.body.name).to.equal('alok');\ndone();\n      });",
              "err": {},
              "uuid": "fc40a2bc-3931-4846-ad08-b64f7ac79810",
              "parentUUID": "11fab48e-7188-4f6b-a0d5-3f3be246fb8f",
              "isHook": false,
              "skipped": false
            },
            {
              "title": "Test for PUT request - should return 200",
              "fullTitle": "Test suit Test for PUT request - should return 200",
              "timedOut": false,
              "duration": 1281,
              "state": "passed",
              "speed": "slow",
              "pass": true,
              "fail": false,
              "pending": false,
              "context": null,
              "code": "req.put(data.endpoint.put)    \n.set('content-type', 'application/json')\n.send(putBody)    \n.end((err, res) => {\n    expect(res).to.have.status(200);\n    console.log(res.body);\n    expect(res).to.be.an('object');\n    expect(res.body.name).to.equal('alok');\ndone();\n      });",
              "err": {},
              "uuid": "0d4ce198-3579-43fd-94f3-0cf6417119a1",
              "parentUUID": "11fab48e-7188-4f6b-a0d5-3f3be246fb8f",
              "isHook": false,
              "skipped": false
            },
            {
              "title": "Test for PATCH request - should return 200",
              "fullTitle": "Test suit Test for PATCH request - should return 200",
              "timedOut": false,
              "duration": 1420,
              "state": "passed",
              "speed": "slow",
              "pass": true,
              "fail": false,
              "pending": false,
              "context": null,
              "code": "req.patch(data.endpoint.patch)    \n.set('content-type', 'application/json')\n.send(patchBody)    \n.end((err, res) => {\n    expect(res).to.have.status(200);\n    expect(res).to.be.an('object');\n    expect(res.body.name).to.equal('alok');\n    console.log(res.body);\ndone();\n      });",
              "err": {},
              "uuid": "0e1b360b-7a0b-44f1-9cf9-39883485da54",
              "parentUUID": "11fab48e-7188-4f6b-a0d5-3f3be246fb8f",
              "isHook": false,
              "skipped": false
            }
          ],
          "suites": [],
          "passes": [
            "e0b8f36b-94b9-4558-9798-9525f31febc7",
            "fc40a2bc-3931-4846-ad08-b64f7ac79810",
            "0d4ce198-3579-43fd-94f3-0cf6417119a1",
            "0e1b360b-7a0b-44f1-9cf9-39883485da54"
          ],
          "failures": [],
          "pending": [],
          "skipped": [],
          "duration": 5988,
          "root": false,
          "rootEmpty": false,
          "_timeout": 2000
        }
      ],
      "passes": [],
      "failures": [],
      "pending": [],
      "skipped": [],
      "duration": 0,
      "root": true,
      "rootEmpty": true,
      "_timeout": 2000
    }
  ],
  "meta": {
    "mocha": {
      "version": "8.1.1"
    },
    "mochawesome": {
      "options": {
        "quiet": false,
        "reportFilename": "mochawesome",
        "saveHtml": true,
        "saveJson": true,
        "consoleReporter": "spec",
        "useInlineDiffs": false,
        "code": true
      },
      "version": "6.1.1"
    },
    "marge": {
      "options": {
        "inline": "true"
      },
      "version": "5.1.0"
    }
  }
}