{
  "stats": {
    "suites": 1,
    "tests": 4,
    "passes": 4,
    "pending": 0,
    "failures": 0,
    "start": "2020-09-02T08:21:09.300Z",
    "end": "2020-09-02T08:21:14.241Z",
    "duration": 4941,
    "testsRegistered": 4,
    "passPercent": 100,
    "pendingPercent": 0,
    "other": 0,
    "hasOther": false,
    "skipped": 0,
    "hasSkipped": false
  },
  "results": [
    {
      "uuid": "b835de19-8c09-403b-b06a-2df8149555c0",
      "title": "",
      "fullFile": "",
      "file": "",
      "beforeHooks": [],
      "afterHooks": [],
      "tests": [],
      "suites": [
        {
          "uuid": "a6d47546-bf77-4e89-bea6-0fd9301701da",
          "title": "Test suit",
          "fullFile": "/home/qainfotech/Desktop/tempTest/test/test.js",
          "file": "/test/test.js",
          "beforeHooks": [
            {
              "title": "\"before all\" hook in \"Test suit\"",
              "fullTitle": "Test suit \"before all\" hook in \"Test suit\"",
              "timedOut": false,
              "duration": 4,
              "state": null,
              "speed": null,
              "pass": false,
              "fail": false,
              "pending": false,
              "context": null,
              "code": "console.log('before method');\ntry {\n    data = yaml.safeLoad(fs.readFileSync('test/resources/yamlData/data.yml', 'utf8'));\n} catch (e) {\n    console.log(e);\n  }\n  req = chai.request(data.requestURL)\n  // done();",
              "err": {},
              "uuid": "3cd7f114-cbee-4c85-874b-23f7ef64ce4b",
              "parentUUID": "a6d47546-bf77-4e89-bea6-0fd9301701da",
              "isHook": true,
              "skipped": false
            }
          ],
          "afterHooks": [],
          "tests": [
            {
              "title": "Test dor GET request - should return 200",
              "fullTitle": "Test suit Test dor GET request - should return 200",
              "timedOut": false,
              "duration": 1788,
              "state": "passed",
              "speed": "slow",
              "pass": true,
              "fail": false,
              "pending": false,
              "context": null,
              "code": "req.get(data.endpoint.get)        \n.end((err, res) => {\n    expect(res).to.have.status(200);\n    expect(res.body.page).to.equal(2);\ndone();\n      });",
              "err": {},
              "uuid": "6ad1c26e-4db1-49ae-8ef2-1b5a235aa4e4",
              "parentUUID": "a6d47546-bf77-4e89-bea6-0fd9301701da",
              "isHook": false,
              "skipped": false
            },
            {
              "title": "Test for POST req - should return 201",
              "fullTitle": "Test suit Test for POST req - should return 201",
              "timedOut": false,
              "duration": 1059,
              "state": "passed",
              "speed": "slow",
              "pass": true,
              "fail": false,
              "pending": false,
              "context": null,
              "code": "req.post(data.endpoint.post)    \n.set('content-type', 'application/json')\n.send(postBody)    \n.end((err, res) => {\n    expect(res).to.have.status(201);\n    console.log(res.body);\n    expect(res).to.be.an('object');\n    expect(res.body.name).to.equal('alok');\ndone();\n      });",
              "err": {},
              "uuid": "e1756910-f008-4994-b9ce-81cdb2f10a5d",
              "parentUUID": "a6d47546-bf77-4e89-bea6-0fd9301701da",
              "isHook": false,
              "skipped": false
            },
            {
              "title": "Test for PUT request - should return 200",
              "fullTitle": "Test suit Test for PUT request - should return 200",
              "timedOut": false,
              "duration": 993,
              "state": "passed",
              "speed": "slow",
              "pass": true,
              "fail": false,
              "pending": false,
              "context": null,
              "code": "req.put(data.endpoint.put)    \n.set('content-type', 'application/json')\n.send(putBody)    \n.end((err, res) => {\n    expect(res).to.have.status(200);\n    console.log(res.body);\n    expect(res).to.be.an('object');\n    expect(res.body.name).to.equal('alok');\ndone();\n      });",
              "err": {},
              "uuid": "80ad9965-803c-4ef6-973d-407f1aee2b0b",
              "parentUUID": "a6d47546-bf77-4e89-bea6-0fd9301701da",
              "isHook": false,
              "skipped": false
            },
            {
              "title": "Test for PATCH request - should return 200",
              "fullTitle": "Test suit Test for PATCH request - should return 200",
              "timedOut": false,
              "duration": 1083,
              "state": "passed",
              "speed": "slow",
              "pass": true,
              "fail": false,
              "pending": false,
              "context": null,
              "code": "req.patch(data.endpoint.patch)    \n.set('content-type', 'application/json')\n.send(patchBody)    \n.end((err, res) => {\n    expect(res).to.have.status(200);\n    expect(res).to.be.an('object');\n    expect(res.body.name).to.equal('alok');\n    console.log(res.body);\ndone();\n      });",
              "err": {},
              "uuid": "b92df7e2-3497-4285-9065-888360450af7",
              "parentUUID": "a6d47546-bf77-4e89-bea6-0fd9301701da",
              "isHook": false,
              "skipped": false
            }
          ],
          "suites": [],
          "passes": [
            "6ad1c26e-4db1-49ae-8ef2-1b5a235aa4e4",
            "e1756910-f008-4994-b9ce-81cdb2f10a5d",
            "80ad9965-803c-4ef6-973d-407f1aee2b0b",
            "b92df7e2-3497-4285-9065-888360450af7"
          ],
          "failures": [],
          "pending": [],
          "skipped": [],
          "duration": 4923,
          "root": false,
          "rootEmpty": false,
          "_timeout": 2000
        }
      ],
      "passes": [],
      "failures": [],
      "pending": [],
      "skipped": [],
      "duration": 0,
      "root": true,
      "rootEmpty": true,
      "_timeout": 2000
    }
  ],
  "meta": {
    "mocha": {
      "version": "8.1.1"
    },
    "mochawesome": {
      "options": {
        "quiet": false,
        "reportFilename": "mochawesome",
        "saveHtml": true,
        "saveJson": true,
        "consoleReporter": "spec",
        "useInlineDiffs": false,
        "code": true
      },
      "version": "6.1.1"
    },
    "marge": {
      "options": {
        "inline": "true"
      },
      "version": "5.1.0"
    }
  }
}